<?xml version="1.0" encoding="UTF-8"?>
<!-- Generated by org.testng.reporters.JUnitXMLReporter -->
<testsuite hostname="DESKTOP-J08AITV" ignored="0" name="Test" tests="3" failures="0" timestamp="16 Jan 2020 11:43:37 GMT" time="31.866" errors="0">
  <testcase name="demoGoogle" time="19.132" classname="com.tyss.parallelmethods.TestDemo1"/>
  <testcase name="demoGmail" time="30.03" classname="com.tyss.parallelmethods.TestDemo1"/>
  <testcase name="demoFacebook" time="31.772" classname="com.tyss.parallelmethods.TestDemo1"/>
</testsuite> <!-- Test -->
